
> @once-ui-system/nextjs-starter@1.1.1 build
> next build

 ⚠ Warning: Next.js inferred your workspace root, but it may not be correct.
 We detected multiple lockfiles and selected the directory of /Volumes/dev/web-apps/daiquiri.dev/once-ui-site/package-lock.json as the root directory.
 To silence this warning, set `turbopack.root` in your Next.js config, or consider removing one of the lockfiles if it's not needed.
   See https://nextjs.org/docs/app/api-reference/config/next-config-js/turbopack#root-directory for more information.
 Detected additional lockfiles: 
   * /Volumes/dev/web-apps/daiquiri.dev/once-ui-site/fresh-starter/package-lock.json

   ▲ Next.js 16.0.9 (Turbopack)
   - Environments: .env.local

   Creating an optimized production build ...
 ✓ Compiled successfully in 58s
   Running TypeScript ...
Failed to compile.

./src/app/(main)/projects/[slug]/page.tsx:84:35
Type error: Type '"neutral-faint"' is not assignable to type 'Colors | undefined'.

[0m [90m 82 |[39m                     ) [33m:[39m (
 [90m 83 |[39m                         [33m<[39m[33mFlex[39m fillWidth fillHeight center[33m>[39m
[31m[1m>[22m[39m[90m 84 |[39m                             [33m<[39m[33mText[39m onBackground[33m=[39m[32m"neutral-faint"[39m variant[33m=[39m[32m"code-default-s"[39m[33m>[39m[33mImage[39m [33mPlaceholder[39m[33m<[39m[33m/[39m[33mText[39m[33m>[39m
 [90m    |[39m                                   [31m[1m^[22m[39m
 [90m 85 |[39m                         [33m<[39m[33m/[39m[33mFlex[39m[33m>[39m
 [90m 86 |[39m                     )}
 [90m 87 |[39m                 [33m<[39m[33m/[39m[33mdiv[39m[33m>[39m[0m
Next.js build worker exited with code: 1 and signal: null
