
> @once-ui-system/nextjs-starter@1.1.1 build
> next build

 ⚠ Warning: Next.js inferred your workspace root, but it may not be correct.
 We detected multiple lockfiles and selected the directory of /Volumes/dev/web-apps/daiquiri.dev/once-ui-site/package-lock.json as the root directory.
 To silence this warning, set `turbopack.root` in your Next.js config, or consider removing one of the lockfiles if it's not needed.
   See https://nextjs.org/docs/app/api-reference/config/next-config-js/turbopack#root-directory for more information.
 Detected additional lockfiles: 
   * /Volumes/dev/web-apps/daiquiri.dev/once-ui-site/fresh-starter/package-lock.json

   ▲ Next.js 16.0.9 (Turbopack)
   - Environments: .env.local

   Creating an optimized production build ...
 ✓ Compiled successfully in 106s
   Running TypeScript ...
Failed to compile.

./src/app/(main)/blog/[slug]/page.tsx:50:21
Type error: Type '{ className: string; highlightLines: never[]; label: any; code: any; }' is not assignable to type 'IntrinsicAttributes & CodeBlockProps'.
  Property 'highlightLines' does not exist on type 'IntrinsicAttributes & CodeBlockProps'.

[0m [90m 48 |[39m                 [33m<[39m[33mCodeBlock[39m
 [90m 49 |[39m                     className[33m=[39m[32m"my-16"[39m
[31m[1m>[22m[39m[90m 50 |[39m                     highlightLines[33m=[39m{[]}
 [90m    |[39m                     [31m[1m^[22m[39m
 [90m 51 |[39m                     label[33m=[39m{language}
 [90m 52 |[39m                     code[33m=[39m{props[33m.[39mchildren[33m.[39mtrim()}
 [90m 53 |[39m                 [33m/[39m[33m>[39m[0m
Next.js build worker exited with code: 1 and signal: null
