
> @once-ui-system/nextjs-starter@1.1.1 build
> next build

 ⚠ Warning: Next.js inferred your workspace root, but it may not be correct.
 We detected multiple lockfiles and selected the directory of /Volumes/dev/web-apps/daiquiri.dev/once-ui-site/package-lock.json as the root directory.
 To silence this warning, set `turbopack.root` in your Next.js config, or consider removing one of the lockfiles if it's not needed.
   See https://nextjs.org/docs/app/api-reference/config/next-config-js/turbopack#root-directory for more information.
 Detected additional lockfiles: 
   * /Volumes/dev/web-apps/daiquiri.dev/once-ui-site/fresh-starter/package-lock.json

   ▲ Next.js 16.0.9 (Turbopack)
   - Environments: .env.local

   Creating an optimized production build ...
 ✓ Compiled successfully in 65s
   Running TypeScript ...
Failed to compile.

./src/components/Header.tsx:288:29
Type error: Type '{ children: Element; variant: "tertiary"; size: "s"; onClick: () => void; prefixIcon: string; hide: string; }' is not assignable to type 'IntrinsicAttributes & ((ButtonProps | AnchorProps) & RefAttributes<HTMLButtonElement>)'.
  Property 'hide' does not exist on type 'IntrinsicAttributes & ((ButtonProps | AnchorProps) & RefAttributes<HTMLButtonElement>)'.

[0m [90m 286 |[39m                             onClick[33m=[39m{() [33m=>[39m setIsContactOpen([36mtrue[39m)}
 [90m 287 |[39m                             prefixIcon[33m=[39m[32m"mail"[39m
[31m[1m>[22m[39m[90m 288 |[39m                             hide[33m=[39m[32m"s"[39m
 [90m     |[39m                             [31m[1m^[22m[39m
 [90m 289 |[39m                         [33m>[39m
 [90m 290 |[39m                             [33m<[39m[33mspan[39m[33m>[39m{t([32m"nav.contact"[39m)}[33m<[39m[33m/[39m[33mspan[39m[33m>[39m
 [90m 291 |[39m                         [33m<[39m[33m/[39m[33mButton[39m[33m>[39m[0m
Next.js build worker exited with code: 1 and signal: null
