
> @once-ui-system/nextjs-starter@1.1.1 build
> next build

 ⚠ Warning: Next.js inferred your workspace root, but it may not be correct.
 We detected multiple lockfiles and selected the directory of /Volumes/dev/web-apps/daiquiri.dev/once-ui-site/package-lock.json as the root directory.
 To silence this warning, set `turbopack.root` in your Next.js config, or consider removing one of the lockfiles if it's not needed.
   See https://nextjs.org/docs/app/api-reference/config/next-config-js/turbopack#root-directory for more information.
 Detected additional lockfiles: 
   * /Volumes/dev/web-apps/daiquiri.dev/once-ui-site/fresh-starter/package-lock.json

   ▲ Next.js 16.0.9 (Turbopack)
   - Environments: .env.local

   Creating an optimized production build ...
 ✓ Compiled successfully in 72s
   Running TypeScript ...
Failed to compile.

./src/components/Header.tsx:209:25
Type error: Type '{ label: string; placeholder: string; type: "email"; fillWidth: true; }' is not assignable to type 'IntrinsicAttributes & InputProps & RefAttributes<HTMLInputElement>'.
  Property 'fillWidth' does not exist on type 'IntrinsicAttributes & InputProps & RefAttributes<HTMLInputElement>'.

[0m [90m 207 |[39m                         placeholder[33m=[39m[32m"your@email.com"[39m 
 [90m 208 |[39m                         type[33m=[39m[32m"email"[39m
[31m[1m>[22m[39m[90m 209 |[39m                         fillWidth
 [90m     |[39m                         [31m[1m^[22m[39m
 [90m 210 |[39m                     [33m/[39m[33m>[39m
 [90m 211 |[39m                     [33m<[39m[33mTextarea[39m 
 [90m 212 |[39m                         label[33m=[39m[32m"Message"[39m [0m
Next.js build worker exited with code: 1 and signal: null
