
> @once-ui-system/nextjs-starter@1.1.1 build
> next build

 ⚠ Warning: Next.js inferred your workspace root, but it may not be correct.
 We detected multiple lockfiles and selected the directory of /Volumes/dev/web-apps/daiquiri.dev/once-ui-site/package-lock.json as the root directory.
 To silence this warning, set `turbopack.root` in your Next.js config, or consider removing one of the lockfiles if it's not needed.
   See https://nextjs.org/docs/app/api-reference/config/next-config-js/turbopack#root-directory for more information.
 Detected additional lockfiles: 
   * /Volumes/dev/web-apps/daiquiri.dev/once-ui-site/fresh-starter/package-lock.json

   ▲ Next.js 16.0.9 (Turbopack)
   - Environments: .env.local

   Creating an optimized production build ...
 ✓ Compiled successfully in 79s
   Running TypeScript ...
Failed to compile.

./src/app/(main)/page.tsx:64:21
Type error: Type '"bold"' is not assignable to type 'TextWeight | undefined'.

[0m [90m 62 |[39m                     wrap[33m=[39m[32m"balance"[39m
 [90m 63 |[39m                     align[33m=[39m[32m"center"[39m
[31m[1m>[22m[39m[90m 64 |[39m                     weight[33m=[39m[32m"bold"[39m
 [90m    |[39m                     [31m[1m^[22m[39m
 [90m 65 |[39m                 [33m>[39m
 [90m 66 |[39m                     [33mSon[39m olarak[33m;[39m algoritmalar değişiyor[33m,[39m kafalar karışıyor[33m.[39m [33mBirlikte[39m çözüm arayalım[33m.[39m
 [90m 67 |[39m                 [33m<[39m[33m/[39m[33mText[39m[33m>[39m[0m
Next.js build worker exited with code: 1 and signal: null
